<?xml version="1.0" encoding="UTF-8"?>
<!-- Generated by org.testng.reporters.JUnitXMLReporter -->
<testsuite ignored="0" hostname="Enthrall_IT" failures="0" tests="4" name="Default test" time="15.627" errors="0" timestamp="2022-07-05T09:58:25 EDT">
  <testcase classname="pages.HomePageTest" name="logoTest" time="0.057"/>
  <testcase classname="pages.HomePageTest" name="titleTest" time="0.004"/>
  <testcase classname="pages.HomePageTest" name="userIdTest" time="0.233"/>
  <testcase classname="pages.HomePageTest" name="loginButtonTest" time="0.017"/>
</testsuite> <!-- Default test -->
