<?xml version="1.0" encoding="UTF-8"?>
<testng-results ignored="0" total="4" passed="4" failed="0" skipped="0">
  <reporter-output>
  </reporter-output>
  <suite started-at="2022-07-05T09:58:09 EDT" name="Default suite" finished-at="2022-07-05T09:58:25 EDT" duration-ms="15627">
    <groups>
    </groups>
    <test started-at="2022-07-05T09:58:09 EDT" name="Default test" finished-at="2022-07-05T09:58:25 EDT" duration-ms="15627">
      <class name="pages.HomePageTest">
        <test-method is-config="true" signature="setUpHomePage()[pri:0, instance:pages.HomePageTest@3ee37e5a]" started-at="2022-07-05T09:58:09 EDT" name="setUpHomePage" finished-at="2022-07-05T09:58:13 EDT" duration-ms="4172" status="PASS">
          <reporter-output>
          </reporter-output>
        </test-method> <!-- setUpHomePage -->
        <test-method signature="logoTest()[pri:1, instance:pages.HomePageTest@3ee37e5a]" started-at="2022-07-05T09:58:13 EDT" name="logoTest" finished-at="2022-07-05T09:58:13 EDT" duration-ms="57" status="PASS">
          <reporter-output>
          </reporter-output>
        </test-method> <!-- logoTest -->
        <test-method is-config="true" signature="tearUp()[pri:0, instance:pages.HomePageTest@3ee37e5a]" started-at="2022-07-05T09:58:13 EDT" name="tearUp" finished-at="2022-07-05T09:58:13 EDT" duration-ms="122" status="PASS">
          <reporter-output>
          </reporter-output>
        </test-method> <!-- tearUp -->
        <test-method is-config="true" signature="setUpHomePage()[pri:0, instance:pages.HomePageTest@3ee37e5a]" started-at="2022-07-05T09:58:13 EDT" name="setUpHomePage" finished-at="2022-07-05T09:58:17 EDT" duration-ms="3862" status="PASS">
          <reporter-output>
          </reporter-output>
        </test-method> <!-- setUpHomePage -->
        <test-method signature="titleTest()[pri:2, instance:pages.HomePageTest@3ee37e5a]" started-at="2022-07-05T09:58:17 EDT" name="titleTest" finished-at="2022-07-05T09:58:17 EDT" duration-ms="4" status="PASS">
          <reporter-output>
          </reporter-output>
        </test-method> <!-- titleTest -->
        <test-method is-config="true" signature="tearUp()[pri:0, instance:pages.HomePageTest@3ee37e5a]" started-at="2022-07-05T09:58:17 EDT" name="tearUp" finished-at="2022-07-05T09:58:17 EDT" duration-ms="159" status="PASS">
          <reporter-output>
          </reporter-output>
        </test-method> <!-- tearUp -->
        <test-method is-config="true" signature="setUpHomePage()[pri:0, instance:pages.HomePageTest@3ee37e5a]" started-at="2022-07-05T09:58:17 EDT" name="setUpHomePage" finished-at="2022-07-05T09:58:20 EDT" duration-ms="3122" status="PASS">
          <reporter-output>
          </reporter-output>
        </test-method> <!-- setUpHomePage -->
        <test-method signature="userIdTest()[pri:3, instance:pages.HomePageTest@3ee37e5a]" started-at="2022-07-05T09:58:20 EDT" name="userIdTest" finished-at="2022-07-05T09:58:21 EDT" duration-ms="233" status="PASS">
          <reporter-output>
          </reporter-output>
        </test-method> <!-- userIdTest -->
        <test-method is-config="true" signature="tearUp()[pri:0, instance:pages.HomePageTest@3ee37e5a]" started-at="2022-07-05T09:58:21 EDT" name="tearUp" finished-at="2022-07-05T09:58:21 EDT" duration-ms="131" status="PASS">
          <reporter-output>
          </reporter-output>
        </test-method> <!-- tearUp -->
        <test-method is-config="true" signature="setUpHomePage()[pri:0, instance:pages.HomePageTest@3ee37e5a]" started-at="2022-07-05T09:58:21 EDT" name="setUpHomePage" finished-at="2022-07-05T09:58:24 EDT" duration-ms="3605" status="PASS">
          <reporter-output>
          </reporter-output>
        </test-method> <!-- setUpHomePage -->
        <test-method signature="loginButtonTest()[pri:4, instance:pages.HomePageTest@3ee37e5a]" started-at="2022-07-05T09:58:24 EDT" name="loginButtonTest" finished-at="2022-07-05T09:58:24 EDT" duration-ms="17" status="PASS">
          <reporter-output>
          </reporter-output>
        </test-method> <!-- loginButtonTest -->
        <test-method is-config="true" signature="tearUp()[pri:0, instance:pages.HomePageTest@3ee37e5a]" started-at="2022-07-05T09:58:24 EDT" name="tearUp" finished-at="2022-07-05T09:58:25 EDT" duration-ms="117" status="PASS">
          <reporter-output>
          </reporter-output>
        </test-method> <!-- tearUp -->
      </class> <!-- pages.HomePageTest -->
    </test> <!-- Default test -->
  </suite> <!-- Default suite -->
</testng-results>
